<?xml version="1.0" encoding="UTF-8"?>
<!-- Generated by org.testng.reporters.JUnitXMLReporter -->
<testsuite hostname="DESKTOP-EQ7HS8J" ignored="8" name="Resgression Test" tests="5" failures="2" timestamp="11 Sep 2018 23:12:40 GMT" time="35.097" errors="0">
  <testcase name="signInTest" time="15.555" classname="com.amazon.test.SignInTest"/>
  <testcase name="SearchTest" time="6.051" classname="com.amazon.test.HomePageTest"/>
  <testcase name="searchResultsSelectionTest" time="0.921" classname="com.amazon.test.SearchResultsTest"/>
  <testcase name="addToCartTest" time="0.022" classname="com.amazon.test.AddToCartTest">
    <failure type="java.lang.NullPointerException">
      <![CDATA[java.lang.NullPointerException
at com.google.common.base.Preconditions.checkNotNull(Preconditions.java:882)
at org.openqa.selenium.support.ui.FluentWait.<init>(FluentWait.java:104)
at org.openqa.selenium.support.ui.WebDriverWait.<init>(WebDriverWait.java:71)
at org.openqa.selenium.support.ui.WebDriverWait.<init>(WebDriverWait.java:45)
at com.amazon.pages.AddToCart.addToCart(AddToCart.java:35)
at com.amazon.test.AddToCartTest.addToCartTest(AddToCartTest.java:25)
... Removed 25 stack frames]]>
    </failure>
  </testcase> <!-- addToCartTest -->
  <testcase name="shippigDetailsTest" time="0.009" classname="com.amazon.test.ShippingDetailsTest">
    <failure type="java.lang.NullPointerException">
      <![CDATA[java.lang.NullPointerException
at com.amazon.pages.ShippingDetails.shippingDetails(ShippingDetails.java:22)
at com.amazon.test.ShippingDetailsTest.shippigDetailsTest(ShippingDetailsTest.java:16)
... Removed 25 stack frames]]>
    </failure>
  </testcase> <!-- shippigDetailsTest -->
  <testcase name="@BeforeTest beforeTest" time="0.0" classname="com.amazon.base.BaseTest">
    <ignored/>
  </testcase> <!-- @BeforeTest beforeTest -->
  <testcase name="@BeforeTest beforeTest" time="0.0" classname="com.amazon.base.BaseTest">
    <ignored/>
  </testcase> <!-- @BeforeTest beforeTest -->
  <testcase name="@BeforeTest beforeTest" time="0.0" classname="com.amazon.base.BaseTest">
    <ignored/>
  </testcase> <!-- @BeforeTest beforeTest -->
  <testcase name="@BeforeTest beforeTest" time="0.0" classname="com.amazon.base.BaseTest">
    <ignored/>
  </testcase> <!-- @BeforeTest beforeTest -->
  <testcase name="@BeforeSuite beforeSuite" time="0.0" classname="com.amazon.base.BaseTest">
    <ignored/>
  </testcase> <!-- @BeforeSuite beforeSuite -->
  <testcase name="@BeforeSuite beforeSuite" time="0.0" classname="com.amazon.base.BaseTest">
    <ignored/>
  </testcase> <!-- @BeforeSuite beforeSuite -->
  <testcase name="@BeforeSuite beforeSuite" time="0.0" classname="com.amazon.base.BaseTest">
    <ignored/>
  </testcase> <!-- @BeforeSuite beforeSuite -->
  <testcase name="@BeforeSuite beforeSuite" time="0.0" classname="com.amazon.base.BaseTest">
    <ignored/>
  </testcase> <!-- @BeforeSuite beforeSuite -->
</testsuite> <!-- Resgression Test -->
